C:\USERS\BMD1\DOCUMENTS\VISUAL STUDIO 2012\PROJECTS\GCUGPBASECODE\GCUGPBASECODE\DEBUG\MAIN.OBJ
C:\USERS\BMD1\DOCUMENTS\VISUAL STUDIO 2012\PROJECTS\GCUGPBASECODE\GCUGPBASECODE\DEBUG\SPRITE.OBJ
C:\USERS\BMD1\DOCUMENTS\VISUAL STUDIO 2012\PROJECTS\GCUGPBASECODE\GCUGPBASECODE\DEBUG\VC110.PDB
C:\USERS\BMD1\DOCUMENTS\VISUAL STUDIO 2012\PROJECTS\GCUGPBASECODE\DEBUG\GCUGPBASECODE.ILK
C:\USERS\BMD1\DOCUMENTS\VISUAL STUDIO 2012\PROJECTS\GCUGPBASECODE\DEBUG\GCUGPBASECODE.EXE
C:\USERS\BMD1\DOCUMENTS\VISUAL STUDIO 2012\PROJECTS\GCUGPBASECODE\DEBUG\GCUGPBASECODE.PDB
C:\Users\bmd1\documents\visual studio 2012\Projects\GCUGPBaseCode\GCUGPBaseCode\Debug\main.obj
C:\Users\bmd1\documents\visual studio 2012\Projects\GCUGPBaseCode\GCUGPBaseCode\Debug\Sprite.obj
C:\Users\bmd1\documents\visual studio 2012\Projects\GCUGPBaseCode\GCUGPBaseCode\Debug\cl.command.1.tlog
C:\Users\bmd1\documents\visual studio 2012\Projects\GCUGPBaseCode\GCUGPBaseCode\Debug\CL.read.1.tlog
C:\Users\bmd1\documents\visual studio 2012\Projects\GCUGPBaseCode\GCUGPBaseCode\Debug\CL.write.1.tlog
C:\Users\bmd1\documents\visual studio 2012\Projects\GCUGPBaseCode\GCUGPBaseCode\Debug\link-cvtres.read.1.tlog
C:\Users\bmd1\documents\visual studio 2012\Projects\GCUGPBaseCode\GCUGPBaseCode\Debug\link-cvtres.write.1.tlog
C:\Users\bmd1\documents\visual studio 2012\Projects\GCUGPBaseCode\GCUGPBaseCode\Debug\link-rc.read.1.tlog
C:\Users\bmd1\documents\visual studio 2012\Projects\GCUGPBaseCode\GCUGPBaseCode\Debug\link-rc.write.1.tlog
C:\Users\bmd1\documents\visual studio 2012\Projects\GCUGPBaseCode\GCUGPBaseCode\Debug\link.command.1.tlog
C:\Users\bmd1\documents\visual studio 2012\Projects\GCUGPBaseCode\GCUGPBaseCode\Debug\link.read.1.tlog
C:\Users\bmd1\documents\visual studio 2012\Projects\GCUGPBaseCode\GCUGPBaseCode\Debug\link.read.2.tlog
C:\Users\bmd1\documents\visual studio 2012\Projects\GCUGPBaseCode\GCUGPBaseCode\Debug\link.write.1.tlog
C:\Users\bmd1\documents\visual studio 2012\Projects\GCUGPBaseCode\GCUGPBaseCode\Debug\vc110.idb
C:\Users\bmd1\documents\visual studio 2012\Projects\GCUGPBaseCode\GCUGPBaseCode\Debug\vc110.pdb
C:\Users\bmd1\documents\visual studio 2012\Projects\GCUGPBaseCode\Debug\GCUGPBaseCode.pdb
C:\Users\bmd1\documents\visual studio 2012\Projects\GCUGPBaseCode\Debug\GCUGPBaseCode.exe
C:\Users\bmd1\documents\visual studio 2012\Projects\GCUGPBaseCode\Debug\GCUGPBaseCode.ilk
